{
  "stats": {
    "suites": 1,
    "tests": 1,
    "passes": 1,
    "pending": 0,
    "failures": 0,
    "start": "2026-06-11T04:09:11.609Z",
    "end": "2026-06-11T04:09:56.052Z",
    "duration": 44443,
    "testsRegistered": 1,
    "passPercent": 100,
    "pendingPercent": 0,
    "other": 0,
    "hasOther": false,
    "skipped": 0,
    "hasSkipped": false
  },
  "results": [
    {
      "uuid": "6c407f2b-f0bd-41e7-a501-52ac19ea24cd",
      "title": "",
      "fullFile": "C:\\UIAutomation\\Bin\\Tests\\SanityBatch\\Test_01_Login.js",
      "file": "\\Bin\\Tests\\SanityBatch\\Test_01_Login.js",
      "beforeHooks": [],
      "afterHooks": [],
      "tests": [],
      "suites": [
        {
          "uuid": "137170d3-fb22-409f-9555-5a5f9554384b",
          "title": "Test_01_Login",
          "fullFile": "C:\\UIAutomation\\Bin\\Tests\\SanityBatch\\Test_01_Login.js",
          "file": "\\Bin\\Tests\\SanityBatch\\Test_01_Login.js",
          "beforeHooks": [
            {
              "title": "\"before all\" hook in \"Test_01_Login\"",
              "fullTitle": "Test_01_Login \"before all\" hook in \"Test_01_Login\"",
              "timedOut": false,
              "duration": 2767,
              "state": null,
              "speed": null,
              "pass": false,
              "fail": false,
              "pending": false,
              "context": "\"[INFO 11/6/2026, 9:39:11 am] Running tests on :: chrome\"",
              "code": "await Constants_1.Constants.init_TestConfig(__filename, module.filename, this);\nobjTestUtil = new TestUtil_1.TestUtil(Constants_1.Constants.driver, Constants_1.Constants.sURL, Constants_1.Constants.TEST_LOG_FOLDER, Constants_1.Constants.TESTCASE_NAME, Constants_1.Constants.TEST_SUMMARY_FILE);",
              "err": {},
              "uuid": "b22c4ef5-e200-4de7-9151-6e01cd7a6c1b",
              "parentUUID": "137170d3-fb22-409f-9555-5a5f9554384b",
              "isHook": true,
              "skipped": false
            }
          ],
          "afterHooks": [
            {
              "title": "\"after all\" hook in \"Test_01_Login\"",
              "fullTitle": "Test_01_Login \"after all\" hook in \"Test_01_Login\"",
              "timedOut": false,
              "duration": 5168,
              "state": null,
              "speed": null,
              "pass": false,
              "fail": false,
              "pending": false,
              "context": "\"[PASS 11/6/2026, 9:39:51 am]  TEST STATUS :: PASSED\"",
              "code": "await CommonFunctions_1.CommonFunctions.afterTest(this.currentTest.state);",
              "err": {},
              "uuid": "8e5d1e6c-a240-4861-a9da-60287a74a79c",
              "parentUUID": "137170d3-fb22-409f-9555-5a5f9554384b",
              "isHook": true,
              "skipped": false
            }
          ],
          "tests": [
            {
              "title": "Login",
              "fullTitle": "Test_01_Login Login",
              "timedOut": false,
              "duration": 36486,
              "state": "passed",
              "speed": "slow",
              "pass": true,
              "fail": false,
              "pending": false,
              "context": "[\n  \"[INFO 11/6/2026, 9:39:14 am] URL - https://otmgtm-test-a629995.otmgtm.us-phoenix-1.ocs.oraclecloud.com/\",\n  \"[INFO 11/6/2026, 9:39:26 am] Page title :: Cloud Sign In\",\n  \"[INFO 11/6/2026, 9:39:26 am] Entering User name : LEL7597\",\n  \"[INFO 11/6/2026, 9:39:26 am] Entering Password : KraftHCLTech123$\",\n  \"[INFO 11/6/2026, 9:39:26 am] Clicking Sign In button\",\n  \"[INFO 11/6/2026, 9:39:49 am] Page title :: Transportation Management - Home\"\n]",
              "code": "await objTestUtil.loadURL(Constants_1.Constants.sURL);\nlet ishomepagedisplayed = await objTestUtil.login(Constants_1.Constants.DBA_USERNAME, Constants_1.Constants.DBA_PASSWORD);\nawait chai_1.assert.equal(true, ishomepagedisplayed, \"HomePage verification\");",
              "err": {},
              "uuid": "d15c62b6-83dc-411c-a7d9-00fb83d83e26",
              "parentUUID": "137170d3-fb22-409f-9555-5a5f9554384b",
              "isHook": false,
              "skipped": false
            }
          ],
          "suites": [],
          "passes": [
            "d15c62b6-83dc-411c-a7d9-00fb83d83e26"
          ],
          "failures": [],
          "pending": [],
          "skipped": [],
          "duration": 36486,
          "root": false,
          "rootEmpty": false,
          "_timeout": 0
        }
      ],
      "passes": [],
      "failures": [],
      "pending": [],
      "skipped": [],
      "duration": 0,
      "root": true,
      "rootEmpty": true,
      "_timeout": 0
    }
  ],
  "meta": {
    "mocha": {
      "version": "10.8.2"
    },
    "mochawesome": {
      "options": {
        "quiet": false,
        "reportFilename": "mochawesome",
        "saveHtml": true,
        "saveJson": true,
        "consoleReporter": "spec",
        "useInlineDiffs": false,
        "code": true
      },
      "version": "7.1.3"
    },
    "marge": {
      "options": {
        "enableCode": "false"
      },
      "version": "6.2.0"
    }
  }
}